<?xml version="1.0" encoding="UTF-8"?>
<testsuite name="com.example.pr2.services.AuthorServiceTest" tests="3" skipped="0" failures="0" errors="0" timestamp="2021-09-29T22:27:49" hostname="MSI" time="0.332">
  <properties/>
  <testcase name="delete()" classname="com.example.pr2.services.AuthorServiceTest" time="0.325"/>
  <testcase name="getAll()" classname="com.example.pr2.services.AuthorServiceTest" time="0.003"/>
  <testcase name="add()" classname="com.example.pr2.services.AuthorServiceTest" time="0.002"/>
  <system-out><![CDATA[01:27:47.303 [Test worker] DEBUG org.springframework.test.context.BootstrapUtils - Instantiating CacheAwareContextLoaderDelegate from class [org.springframework.test.context.cache.DefaultCacheAwareContextLoaderDelegate]
01:27:47.315 [Test worker] DEBUG org.springframework.test.context.BootstrapUtils - Instantiating BootstrapContext using constructor [public org.springframework.test.context.support.DefaultBootstrapContext(java.lang.Class,org.springframework.test.context.CacheAwareContextLoaderDelegate)]
01:27:47.345 [Test worker] DEBUG org.springframework.test.context.BootstrapUtils - Instantiating TestContextBootstrapper for test class [com.example.pr2.services.AuthorServiceTest] from class [org.springframework.boot.test.context.SpringBootTestContextBootstrapper]
01:27:47.356 [Test worker] INFO org.springframework.boot.test.context.SpringBootTestContextBootstrapper - Neither @ContextConfiguration nor @ContextHierarchy found for test class [com.example.pr2.services.AuthorServiceTest], using SpringBootContextLoader
01:27:47.359 [Test worker] DEBUG org.springframework.test.context.support.AbstractContextLoader - Did not detect default resource location for test class [com.example.pr2.services.AuthorServiceTest]: class path resource [com/example/pr2/services/AuthorServiceTest-context.xml] does not exist
01:27:47.360 [Test worker] DEBUG org.springframework.test.context.support.AbstractContextLoader - Did not detect default resource location for test class [com.example.pr2.services.AuthorServiceTest]: class path resource [com/example/pr2/services/AuthorServiceTestContext.groovy] does not exist
01:27:47.360 [Test worker] INFO org.springframework.test.context.support.AbstractContextLoader - Could not detect default resource locations for test class [com.example.pr2.services.AuthorServiceTest]: no resource found for suffixes {-context.xml, Context.groovy}.
01:27:47.361 [Test worker] INFO org.springframework.test.context.support.AnnotationConfigContextLoaderUtils - Could not detect default configuration classes for test class [com.example.pr2.services.AuthorServiceTest]: AuthorServiceTest does not declare any static, non-private, non-final, nested classes annotated with @Configuration.
01:27:47.402 [Test worker] DEBUG org.springframework.test.context.support.ActiveProfilesUtils - Could not find an 'annotation declaring class' for annotation type [org.springframework.test.context.ActiveProfiles] and class [com.example.pr2.services.AuthorServiceTest]
01:27:47.453 [Test worker] DEBUG org.springframework.context.annotation.ClassPathScanningCandidateComponentProvider - Identified candidate component class: file [C:\Univer\5\testirovaniye\pr2\build\classes\java\main\com\example\pr2\Pr2Application.class]
01:27:47.455 [Test worker] INFO org.springframework.boot.test.context.SpringBootTestContextBootstrapper - Found @SpringBootConfiguration com.example.pr2.Pr2Application for test class com.example.pr2.services.AuthorServiceTest
01:27:47.539 [Test worker] DEBUG org.springframework.boot.test.context.SpringBootTestContextBootstrapper - @TestExecutionListeners is not present for class [com.example.pr2.services.AuthorServiceTest]: using defaults.
01:27:47.540 [Test worker] INFO org.springframework.boot.test.context.SpringBootTestContextBootstrapper - Loaded default TestExecutionListener class names from location [META-INF/spring.factories]: [org.springframework.boot.test.autoconfigure.restdocs.RestDocsTestExecutionListener, org.springframework.boot.test.autoconfigure.web.client.MockRestServiceServerResetTestExecutionListener, org.springframework.boot.test.autoconfigure.web.servlet.MockMvcPrintOnlyOnFailureTestExecutionListener, org.springframework.boot.test.autoconfigure.web.servlet.WebDriverTestExecutionListener, org.springframework.boot.test.autoconfigure.webservices.client.MockWebServiceServerTestExecutionListener, org.springframework.boot.test.mock.mockito.MockitoTestExecutionListener, org.springframework.boot.test.mock.mockito.ResetMocksTestExecutionListener, org.springframework.test.context.web.ServletTestExecutionListener, org.springframework.test.context.support.DirtiesContextBeforeModesTestExecutionListener, org.springframework.test.context.event.ApplicationEventsTestExecutionListener, org.springframework.test.context.support.DependencyInjectionTestExecutionListener, org.springframework.test.context.support.DirtiesContextTestExecutionListener, org.springframework.test.context.transaction.TransactionalTestExecutionListener, org.springframework.test.context.jdbc.SqlScriptsTestExecutionListener, org.springframework.test.context.event.EventPublishingTestExecutionListener]
01:27:47.550 [Test worker] DEBUG org.springframework.boot.test.context.SpringBootTestContextBootstrapper - Skipping candidate TestExecutionListener [org.springframework.test.context.transaction.TransactionalTestExecutionListener] due to a missing dependency. Specify custom listener classes or make the default listener classes and their required dependencies available. Offending class: [org/springframework/transaction/interceptor/TransactionAttributeSource]
01:27:47.551 [Test worker] DEBUG org.springframework.boot.test.context.SpringBootTestContextBootstrapper - Skipping candidate TestExecutionListener [org.springframework.test.context.jdbc.SqlScriptsTestExecutionListener] due to a missing dependency. Specify custom listener classes or make the default listener classes and their required dependencies available. Offending class: [org/springframework/transaction/interceptor/TransactionAttribute]
01:27:47.551 [Test worker] INFO org.springframework.boot.test.context.SpringBootTestContextBootstrapper - Using TestExecutionListeners: [org.springframework.test.context.web.ServletTestExecutionListener@15aad35c, org.springframework.test.context.support.DirtiesContextBeforeModesTestExecutionListener@24ede5a1, org.springframework.test.context.event.ApplicationEventsTestExecutionListener@1af83ada, org.springframework.boot.test.mock.mockito.MockitoTestExecutionListener@40bf7eb0, org.springframework.boot.test.autoconfigure.SpringBootDependencyInjectionTestExecutionListener@3cc75c8, org.springframework.test.context.support.DirtiesContextTestExecutionListener@484758fd, org.springframework.test.context.event.EventPublishingTestExecutionListener@13b295c5, org.springframework.boot.test.autoconfigure.restdocs.RestDocsTestExecutionListener@284333fd, org.springframework.boot.test.autoconfigure.web.client.MockRestServiceServerResetTestExecutionListener@48416108, org.springframework.boot.test.autoconfigure.web.servlet.MockMvcPrintOnlyOnFailureTestExecutionListener@3ab3584d, org.springframework.boot.test.autoconfigure.web.servlet.WebDriverTestExecutionListener@3da8fe63, org.springframework.boot.test.autoconfigure.webservices.client.MockWebServiceServerTestExecutionListener@c45fef0, org.springframework.boot.test.mock.mockito.ResetMocksTestExecutionListener@4f4f9751]
01:27:47.556 [Test worker] DEBUG org.springframework.test.context.support.AbstractDirtiesContextTestExecutionListener - Before test class: context [DefaultTestContext@5342537f testClass = AuthorServiceTest, testInstance = [null], testMethod = [null], testException = [null], mergedContextConfiguration = [WebMergedContextConfiguration@69c77903 testClass = AuthorServiceTest, locations = '{}', classes = '{class com.example.pr2.Pr2Application}', contextInitializerClasses = '[]', activeProfiles = '{}', propertySourceLocations = '{}', propertySourceProperties = '{org.springframework.boot.test.context.SpringBootTestContextBootstrapper=true}', contextCustomizers = set[org.springframework.boot.test.autoconfigure.actuate.metrics.MetricsExportContextCustomizerFactory$DisableMetricExportContextCustomizer@60ea349b, org.springframework.boot.test.autoconfigure.properties.PropertyMappingContextCustomizer@4b3fa0b3, org.springframework.boot.test.autoconfigure.web.servlet.WebDriverContextCustomizerFactory$Customizer@2bf4be6a, [ImportsContextCustomizer@21392a6f key = [org.springframework.boot.test.autoconfigure.web.servlet.MockMvcAutoConfiguration, org.springframework.boot.test.autoconfigure.web.servlet.MockMvcWebClientAutoConfiguration, org.springframework.boot.test.autoconfigure.web.servlet.MockMvcWebDriverAutoConfiguration, org.springframework.boot.autoconfigure.security.oauth2.client.servlet.OAuth2ClientAutoConfiguration, org.springframework.boot.autoconfigure.security.oauth2.resource.servlet.OAuth2ResourceServerAutoConfiguration, org.springframework.boot.autoconfigure.security.servlet.SecurityAutoConfiguration, org.springframework.boot.autoconfigure.security.servlet.SecurityFilterAutoConfiguration, org.springframework.boot.autoconfigure.security.servlet.UserDetailsServiceAutoConfiguration, org.springframework.boot.test.autoconfigure.web.servlet.MockMvcSecurityConfiguration]], org.springframework.boot.test.context.filter.ExcludeFilterContextCustomizer@4b2b93dc, org.springframework.boot.test.json.DuplicateJsonObjectContextCustomizerFactory$DuplicateJsonObjectContextCustomizer@72a66b8a, org.springframework.boot.test.mock.mockito.MockitoContextCustomizer@0, org.springframework.boot.test.web.client.TestRestTemplateContextCustomizer@143938dc, org.springframework.boot.test.context.SpringBootTestArgs@1, org.springframework.boot.test.context.SpringBootTestWebEnvironment@8a9edc4], resourceBasePath = 'src/main/webapp', contextLoader = 'org.springframework.boot.test.context.SpringBootContextLoader', parent = [null]], attributes = map['org.springframework.test.context.web.ServletTestExecutionListener.activateListener' -> true]], class annotated with @DirtiesContext [false] with mode [null].
01:27:47.589 [Test worker] DEBUG org.springframework.test.context.support.TestPropertySourceUtils - Adding inlined properties to environment: {spring.jmx.enabled=false, org.springframework.boot.test.context.SpringBootTestContextBootstrapper=true}

  .   ____          _            __ _ _
 /\\ / ___'_ __ _ _(_)_ __  __ _ \ \ \ \
( ( )\___ | '_ | '_| | '_ \/ _` | \ \ \ \
 \\/  ___)| |_)| | | | | || (_| |  ) ) ) )
  '  |____| .__|_| |_|_| |_\__, | / / / /
 =========|_|==============|___/=/_/_/_/
 :: Spring Boot ::                (v2.4.5)

2021-09-30 01:27:47.822  INFO 24064 --- [    Test worker] c.e.pr2.services.AuthorServiceTest       : Starting AuthorServiceTest using Java 15 on MSI with PID 24064 (started by Владимир in C:\Univer\5\testirovaniye\pr2)
2021-09-30 01:27:47.825  INFO 24064 --- [    Test worker] c.e.pr2.services.AuthorServiceTest       : No active profile set, falling back to default profiles: default
2021-09-30 01:27:48.809  INFO 24064 --- [    Test worker] o.s.s.concurrent.ThreadPoolTaskExecutor  : Initializing ExecutorService 'applicationTaskExecutor'
2021-09-30 01:27:49.005  WARN 24064 --- [    Test worker] o.s.b.a.m.MustacheAutoConfiguration      : Cannot find template location: classpath:/templates/ (please add some templates, check your Mustache configuration, or set spring.mustache.check-template-location=false)
2021-09-30 01:27:49.106  INFO 24064 --- [    Test worker] o.s.b.t.m.w.SpringBootMockServletContext : Initializing Spring TestDispatcherServlet ''
2021-09-30 01:27:49.106  INFO 24064 --- [    Test worker] o.s.t.web.servlet.TestDispatcherServlet  : Initializing Servlet ''
2021-09-30 01:27:49.107  INFO 24064 --- [    Test worker] o.s.t.web.servlet.TestDispatcherServlet  : Completed initialization in 1 ms
2021-09-30 01:27:49.124  INFO 24064 --- [    Test worker] c.e.pr2.services.AuthorServiceTest       : Started AuthorServiceTest in 1.526 seconds (JVM running for 2.485)
]]></system-out>
  <system-err><![CDATA[]]></system-err>
</testsuite>
